<?xml version="1.0" encoding="utf-8"?><testsuites name="pytest tests"><testsuite name="pytest" errors="0" failures="0" skipped="0" tests="3" time="34.086" timestamp="2025-08-28T16:30:02.518286+03:00" hostname="DESKTOP-G1A8UU7"><testcase classname="UI.saucedemo.tests.test_happy" name="test_add_items_and_checkout[standard_user-secret_sauce-Jon-Doe-234235-True]" time="8.853" /><testcase classname="UI.saucedemo.tests.test_happy" name="test_add_items_and_checkout[standard_user-secret_sauce1-Brad-Smith-435345-False]" time="12.855" /><testcase classname="UI.saucedemo.tests.test_happy" name="test_add_items_and_checkout[locked_out_user-secret_sauce-Senen-Hill-345-False]" time="12.295" /></testsuite></testsuites>